2022-06-27 21:30:14,422 - root - ERROR - Failed to find element
Traceback (most recent call last):
  File "C:\Users\T.Ntandika\PycharmProjects\VisaBooking\pages\base_element.py", line 19, in find
    element = WebDriverWait(self.driver, 1).until(
  File "C:\Users\T.Ntandika\PycharmProjects\VisaBooking\env\lib\site-packages\selenium\webdriver\support\wait.py", line 87, in until
    raise TimeoutException(message, screen, stacktrace)
selenium.common.exceptions.TimeoutException: Message: 
Stacktrace:
Backtrace:
	Ordinal0 [0x009BD953+2414931]
	Ordinal0 [0x0094F5E1+1963489]
	Ordinal0 [0x0083C6B8+837304]
	Ordinal0 [0x00869500+1021184]
	Ordinal0 [0x0086979B+1021851]
	Ordinal0 [0x00896502+1205506]
	Ordinal0 [0x008844E4+1131748]
	Ordinal0 [0x00894812+1198098]
	Ordinal0 [0x008842B6+1131190]
	Ordinal0 [0x0085E860+976992]
	Ordinal0 [0x0085F756+980822]
	GetHandleVerifier [0x00C2CC62+2510274]
	GetHandleVerifier [0x00C1F760+2455744]
	GetHandleVerifier [0x00A4EABA+551962]
	GetHandleVerifier [0x00A4D916+547446]
	Ordinal0 [0x00955F3B+1990459]
	Ordinal0 [0x0095A898+2009240]
	Ordinal0 [0x0095A985+2009477]
	Ordinal0 [0x00963AD1+2046673]
	BaseThreadInitThunk [0x763DFA29+25]
	RtlGetAppContainerNamedObjectPath [0x77E07A9E+286]
	RtlGetAppContainerNamedObjectPath [0x77E07A6E+238]

2022-06-27 21:30:15,667 - root - ERROR - Failed to find element
Traceback (most recent call last):
  File "C:\Users\T.Ntandika\PycharmProjects\VisaBooking\pages\base_element.py", line 19, in find
    element = WebDriverWait(self.driver, 1).until(
  File "C:\Users\T.Ntandika\PycharmProjects\VisaBooking\env\lib\site-packages\selenium\webdriver\support\wait.py", line 87, in until
    raise TimeoutException(message, screen, stacktrace)
selenium.common.exceptions.TimeoutException: Message: 
Stacktrace:
Backtrace:
	Ordinal0 [0x009BD953+2414931]
	Ordinal0 [0x0094F5E1+1963489]
	Ordinal0 [0x0083C6B8+837304]
	Ordinal0 [0x00869500+1021184]
	Ordinal0 [0x0086979B+1021851]
	Ordinal0 [0x00896502+1205506]
	Ordinal0 [0x008844E4+1131748]
	Ordinal0 [0x00894812+1198098]
	Ordinal0 [0x008842B6+1131190]
	Ordinal0 [0x0085E860+976992]
	Ordinal0 [0x0085F756+980822]
	GetHandleVerifier [0x00C2CC62+2510274]
	GetHandleVerifier [0x00C1F760+2455744]
	GetHandleVerifier [0x00A4EABA+551962]
	GetHandleVerifier [0x00A4D916+547446]
	Ordinal0 [0x00955F3B+1990459]
	Ordinal0 [0x0095A898+2009240]
	Ordinal0 [0x0095A985+2009477]
	Ordinal0 [0x00963AD1+2046673]
	BaseThreadInitThunk [0x763DFA29+25]
	RtlGetAppContainerNamedObjectPath [0x77E07A9E+286]
	RtlGetAppContainerNamedObjectPath [0x77E07A6E+238]

2022-06-27 21:30:16,833 - root - ERROR - Failed to find element
Traceback (most recent call last):
  File "C:\Users\T.Ntandika\PycharmProjects\VisaBooking\pages\base_element.py", line 19, in find
    element = WebDriverWait(self.driver, 1).until(
  File "C:\Users\T.Ntandika\PycharmProjects\VisaBooking\env\lib\site-packages\selenium\webdriver\support\wait.py", line 87, in until
    raise TimeoutException(message, screen, stacktrace)
selenium.common.exceptions.TimeoutException: Message: 
Stacktrace:
Backtrace:
	Ordinal0 [0x009BD953+2414931]
	Ordinal0 [0x0094F5E1+1963489]
	Ordinal0 [0x0083C6B8+837304]
	Ordinal0 [0x00869500+1021184]
	Ordinal0 [0x0086979B+1021851]
	Ordinal0 [0x00896502+1205506]
	Ordinal0 [0x008844E4+1131748]
	Ordinal0 [0x00894812+1198098]
	Ordinal0 [0x008842B6+1131190]
	Ordinal0 [0x0085E860+976992]
	Ordinal0 [0x0085F756+980822]
	GetHandleVerifier [0x00C2CC62+2510274]
	GetHandleVerifier [0x00C1F760+2455744]
	GetHandleVerifier [0x00A4EABA+551962]
	GetHandleVerifier [0x00A4D916+547446]
	Ordinal0 [0x00955F3B+1990459]
	Ordinal0 [0x0095A898+2009240]
	Ordinal0 [0x0095A985+2009477]
	Ordinal0 [0x00963AD1+2046673]
	BaseThreadInitThunk [0x763DFA29+25]
	RtlGetAppContainerNamedObjectPath [0x77E07A9E+286]
	RtlGetAppContainerNamedObjectPath [0x77E07A6E+238]

2022-06-27 21:30:17,965 - root - ERROR - Failed to find element
Traceback (most recent call last):
  File "C:\Users\T.Ntandika\PycharmProjects\VisaBooking\pages\base_element.py", line 19, in find
    element = WebDriverWait(self.driver, 1).until(
  File "C:\Users\T.Ntandika\PycharmProjects\VisaBooking\env\lib\site-packages\selenium\webdriver\support\wait.py", line 87, in until
    raise TimeoutException(message, screen, stacktrace)
selenium.common.exceptions.TimeoutException: Message: 
Stacktrace:
Backtrace:
	Ordinal0 [0x009BD953+2414931]
	Ordinal0 [0x0094F5E1+1963489]
	Ordinal0 [0x0083C6B8+837304]
	Ordinal0 [0x00869500+1021184]
	Ordinal0 [0x0086979B+1021851]
	Ordinal0 [0x00896502+1205506]
	Ordinal0 [0x008844E4+1131748]
	Ordinal0 [0x00894812+1198098]
	Ordinal0 [0x008842B6+1131190]
	Ordinal0 [0x0085E860+976992]
	Ordinal0 [0x0085F756+980822]
	GetHandleVerifier [0x00C2CC62+2510274]
	GetHandleVerifier [0x00C1F760+2455744]
	GetHandleVerifier [0x00A4EABA+551962]
	GetHandleVerifier [0x00A4D916+547446]
	Ordinal0 [0x00955F3B+1990459]
	Ordinal0 [0x0095A898+2009240]
	Ordinal0 [0x0095A985+2009477]
	Ordinal0 [0x00963AD1+2046673]
	BaseThreadInitThunk [0x763DFA29+25]
	RtlGetAppContainerNamedObjectPath [0x77E07A9E+286]
	RtlGetAppContainerNamedObjectPath [0x77E07A6E+238]

2022-06-27 21:30:19,145 - root - ERROR - Failed to find element
Traceback (most recent call last):
  File "C:\Users\T.Ntandika\PycharmProjects\VisaBooking\pages\base_element.py", line 19, in find
    element = WebDriverWait(self.driver, 1).until(
  File "C:\Users\T.Ntandika\PycharmProjects\VisaBooking\env\lib\site-packages\selenium\webdriver\support\wait.py", line 87, in until
    raise TimeoutException(message, screen, stacktrace)
selenium.common.exceptions.TimeoutException: Message: 
Stacktrace:
Backtrace:
	Ordinal0 [0x009BD953+2414931]
	Ordinal0 [0x0094F5E1+1963489]
	Ordinal0 [0x0083C6B8+837304]
	Ordinal0 [0x00869500+1021184]
	Ordinal0 [0x0086979B+1021851]
	Ordinal0 [0x00896502+1205506]
	Ordinal0 [0x008844E4+1131748]
	Ordinal0 [0x00894812+1198098]
	Ordinal0 [0x008842B6+1131190]
	Ordinal0 [0x0085E860+976992]
	Ordinal0 [0x0085F756+980822]
	GetHandleVerifier [0x00C2CC62+2510274]
	GetHandleVerifier [0x00C1F760+2455744]
	GetHandleVerifier [0x00A4EABA+551962]
	GetHandleVerifier [0x00A4D916+547446]
	Ordinal0 [0x00955F3B+1990459]
	Ordinal0 [0x0095A898+2009240]
	Ordinal0 [0x0095A985+2009477]
	Ordinal0 [0x00963AD1+2046673]
	BaseThreadInitThunk [0x763DFA29+25]
	RtlGetAppContainerNamedObjectPath [0x77E07A9E+286]
	RtlGetAppContainerNamedObjectPath [0x77E07A6E+238]

2022-06-27 21:30:20,284 - root - ERROR - Failed to find element
Traceback (most recent call last):
  File "C:\Users\T.Ntandika\PycharmProjects\VisaBooking\pages\base_element.py", line 19, in find
    element = WebDriverWait(self.driver, 1).until(
  File "C:\Users\T.Ntandika\PycharmProjects\VisaBooking\env\lib\site-packages\selenium\webdriver\support\wait.py", line 87, in until
    raise TimeoutException(message, screen, stacktrace)
selenium.common.exceptions.TimeoutException: Message: 
Stacktrace:
Backtrace:
	Ordinal0 [0x009BD953+2414931]
	Ordinal0 [0x0094F5E1+1963489]
	Ordinal0 [0x0083C6B8+837304]
	Ordinal0 [0x00869500+1021184]
	Ordinal0 [0x0086979B+1021851]
	Ordinal0 [0x00896502+1205506]
	Ordinal0 [0x008844E4+1131748]
	Ordinal0 [0x00894812+1198098]
	Ordinal0 [0x008842B6+1131190]
	Ordinal0 [0x0085E860+976992]
	Ordinal0 [0x0085F756+980822]
	GetHandleVerifier [0x00C2CC62+2510274]
	GetHandleVerifier [0x00C1F760+2455744]
	GetHandleVerifier [0x00A4EABA+551962]
	GetHandleVerifier [0x00A4D916+547446]
	Ordinal0 [0x00955F3B+1990459]
	Ordinal0 [0x0095A898+2009240]
	Ordinal0 [0x0095A985+2009477]
	Ordinal0 [0x00963AD1+2046673]
	BaseThreadInitThunk [0x763DFA29+25]
	RtlGetAppContainerNamedObjectPath [0x77E07A9E+286]
	RtlGetAppContainerNamedObjectPath [0x77E07A6E+238]

2022-06-27 21:30:21,487 - root - ERROR - Failed to find element
Traceback (most recent call last):
  File "C:\Users\T.Ntandika\PycharmProjects\VisaBooking\pages\base_element.py", line 19, in find
    element = WebDriverWait(self.driver, 1).until(
  File "C:\Users\T.Ntandika\PycharmProjects\VisaBooking\env\lib\site-packages\selenium\webdriver\support\wait.py", line 87, in until
    raise TimeoutException(message, screen, stacktrace)
selenium.common.exceptions.TimeoutException: Message: 
Stacktrace:
Backtrace:
	Ordinal0 [0x009BD953+2414931]
	Ordinal0 [0x0094F5E1+1963489]
	Ordinal0 [0x0083C6B8+837304]
	Ordinal0 [0x00869500+1021184]
	Ordinal0 [0x0086979B+1021851]
	Ordinal0 [0x00896502+1205506]
	Ordinal0 [0x008844E4+1131748]
	Ordinal0 [0x00894812+1198098]
	Ordinal0 [0x008842B6+1131190]
	Ordinal0 [0x0085E860+976992]
	Ordinal0 [0x0085F756+980822]
	GetHandleVerifier [0x00C2CC62+2510274]
	GetHandleVerifier [0x00C1F760+2455744]
	GetHandleVerifier [0x00A4EABA+551962]
	GetHandleVerifier [0x00A4D916+547446]
	Ordinal0 [0x00955F3B+1990459]
	Ordinal0 [0x0095A898+2009240]
	Ordinal0 [0x0095A985+2009477]
	Ordinal0 [0x00963AD1+2046673]
	BaseThreadInitThunk [0x763DFA29+25]
	RtlGetAppContainerNamedObjectPath [0x77E07A9E+286]
	RtlGetAppContainerNamedObjectPath [0x77E07A6E+238]

2022-06-27 21:30:22,664 - root - ERROR - Failed to find element
Traceback (most recent call last):
  File "C:\Users\T.Ntandika\PycharmProjects\VisaBooking\pages\base_element.py", line 19, in find
    element = WebDriverWait(self.driver, 1).until(
  File "C:\Users\T.Ntandika\PycharmProjects\VisaBooking\env\lib\site-packages\selenium\webdriver\support\wait.py", line 87, in until
    raise TimeoutException(message, screen, stacktrace)
selenium.common.exceptions.TimeoutException: Message: 
Stacktrace:
Backtrace:
	Ordinal0 [0x009BD953+2414931]
	Ordinal0 [0x0094F5E1+1963489]
	Ordinal0 [0x0083C6B8+837304]
	Ordinal0 [0x00869500+1021184]
	Ordinal0 [0x0086979B+1021851]
	Ordinal0 [0x00896502+1205506]
	Ordinal0 [0x008844E4+1131748]
	Ordinal0 [0x00894812+1198098]
	Ordinal0 [0x008842B6+1131190]
	Ordinal0 [0x0085E860+976992]
	Ordinal0 [0x0085F756+980822]
	GetHandleVerifier [0x00C2CC62+2510274]
	GetHandleVerifier [0x00C1F760+2455744]
	GetHandleVerifier [0x00A4EABA+551962]
	GetHandleVerifier [0x00A4D916+547446]
	Ordinal0 [0x00955F3B+1990459]
	Ordinal0 [0x0095A898+2009240]
	Ordinal0 [0x0095A985+2009477]
	Ordinal0 [0x00963AD1+2046673]
	BaseThreadInitThunk [0x763DFA29+25]
	RtlGetAppContainerNamedObjectPath [0x77E07A9E+286]
	RtlGetAppContainerNamedObjectPath [0x77E07A6E+238]

2022-06-27 21:30:23,847 - root - ERROR - Failed to find element
Traceback (most recent call last):
  File "C:\Users\T.Ntandika\PycharmProjects\VisaBooking\pages\base_element.py", line 19, in find
    element = WebDriverWait(self.driver, 1).until(
  File "C:\Users\T.Ntandika\PycharmProjects\VisaBooking\env\lib\site-packages\selenium\webdriver\support\wait.py", line 87, in until
    raise TimeoutException(message, screen, stacktrace)
selenium.common.exceptions.TimeoutException: Message: 
Stacktrace:
Backtrace:
	Ordinal0 [0x009BD953+2414931]
	Ordinal0 [0x0094F5E1+1963489]
	Ordinal0 [0x0083C6B8+837304]
	Ordinal0 [0x00869500+1021184]
	Ordinal0 [0x0086979B+1021851]
	Ordinal0 [0x00896502+1205506]
	Ordinal0 [0x008844E4+1131748]
	Ordinal0 [0x00894812+1198098]
	Ordinal0 [0x008842B6+1131190]
	Ordinal0 [0x0085E860+976992]
	Ordinal0 [0x0085F756+980822]
	GetHandleVerifier [0x00C2CC62+2510274]
	GetHandleVerifier [0x00C1F760+2455744]
	GetHandleVerifier [0x00A4EABA+551962]
	GetHandleVerifier [0x00A4D916+547446]
	Ordinal0 [0x00955F3B+1990459]
	Ordinal0 [0x0095A898+2009240]
	Ordinal0 [0x0095A985+2009477]
	Ordinal0 [0x00963AD1+2046673]
	BaseThreadInitThunk [0x763DFA29+25]
	RtlGetAppContainerNamedObjectPath [0x77E07A9E+286]
	RtlGetAppContainerNamedObjectPath [0x77E07A6E+238]

2022-06-27 21:30:25,138 - root - ERROR - Failed to find element
Traceback (most recent call last):
  File "C:\Users\T.Ntandika\PycharmProjects\VisaBooking\pages\base_element.py", line 19, in find
    element = WebDriverWait(self.driver, 1).until(
  File "C:\Users\T.Ntandika\PycharmProjects\VisaBooking\env\lib\site-packages\selenium\webdriver\support\wait.py", line 87, in until
    raise TimeoutException(message, screen, stacktrace)
selenium.common.exceptions.TimeoutException: Message: 
Stacktrace:
Backtrace:
	Ordinal0 [0x009BD953+2414931]
	Ordinal0 [0x0094F5E1+1963489]
	Ordinal0 [0x0083C6B8+837304]
	Ordinal0 [0x00869500+1021184]
	Ordinal0 [0x0086979B+1021851]
	Ordinal0 [0x00896502+1205506]
	Ordinal0 [0x008844E4+1131748]
	Ordinal0 [0x00894812+1198098]
	Ordinal0 [0x008842B6+1131190]
	Ordinal0 [0x0085E860+976992]
	Ordinal0 [0x0085F756+980822]
	GetHandleVerifier [0x00C2CC62+2510274]
	GetHandleVerifier [0x00C1F760+2455744]
	GetHandleVerifier [0x00A4EABA+551962]
	GetHandleVerifier [0x00A4D916+547446]
	Ordinal0 [0x00955F3B+1990459]
	Ordinal0 [0x0095A898+2009240]
	Ordinal0 [0x0095A985+2009477]
	Ordinal0 [0x00963AD1+2046673]
	BaseThreadInitThunk [0x763DFA29+25]
	RtlGetAppContainerNamedObjectPath [0x77E07A9E+286]
	RtlGetAppContainerNamedObjectPath [0x77E07A6E+238]

2022-06-27 21:30:26,419 - root - ERROR - Failed to find element
Traceback (most recent call last):
  File "C:\Users\T.Ntandika\PycharmProjects\VisaBooking\pages\base_element.py", line 19, in find
    element = WebDriverWait(self.driver, 1).until(
  File "C:\Users\T.Ntandika\PycharmProjects\VisaBooking\env\lib\site-packages\selenium\webdriver\support\wait.py", line 87, in until
    raise TimeoutException(message, screen, stacktrace)
selenium.common.exceptions.TimeoutException: Message: 
Stacktrace:
Backtrace:
	Ordinal0 [0x009BD953+2414931]
	Ordinal0 [0x0094F5E1+1963489]
	Ordinal0 [0x0083C6B8+837304]
	Ordinal0 [0x00869500+1021184]
	Ordinal0 [0x0086979B+1021851]
	Ordinal0 [0x00896502+1205506]
	Ordinal0 [0x008844E4+1131748]
	Ordinal0 [0x00894812+1198098]
	Ordinal0 [0x008842B6+1131190]
	Ordinal0 [0x0085E860+976992]
	Ordinal0 [0x0085F756+980822]
	GetHandleVerifier [0x00C2CC62+2510274]
	GetHandleVerifier [0x00C1F760+2455744]
	GetHandleVerifier [0x00A4EABA+551962]
	GetHandleVerifier [0x00A4D916+547446]
	Ordinal0 [0x00955F3B+1990459]
	Ordinal0 [0x0095A898+2009240]
	Ordinal0 [0x0095A985+2009477]
	Ordinal0 [0x00963AD1+2046673]
	BaseThreadInitThunk [0x763DFA29+25]
	RtlGetAppContainerNamedObjectPath [0x77E07A9E+286]
	RtlGetAppContainerNamedObjectPath [0x77E07A6E+238]

2022-06-27 21:30:27,657 - root - INFO - current date 2023-05-11 earlier than available date 2023-06-07
2022-06-27 21:31:32,410 - root - ERROR - Failed to find element
Traceback (most recent call last):
  File "C:\Users\T.Ntandika\PycharmProjects\VisaBooking\pages\base_element.py", line 19, in find
    element = WebDriverWait(self.driver, 1).until(
  File "C:\Users\T.Ntandika\PycharmProjects\VisaBooking\env\lib\site-packages\selenium\webdriver\support\wait.py", line 87, in until
    raise TimeoutException(message, screen, stacktrace)
selenium.common.exceptions.TimeoutException: Message: 
Stacktrace:
Backtrace:
	Ordinal0 [0x009BD953+2414931]
	Ordinal0 [0x0094F5E1+1963489]
	Ordinal0 [0x0083C6B8+837304]
	Ordinal0 [0x00869500+1021184]
	Ordinal0 [0x0086979B+1021851]
	Ordinal0 [0x00896502+1205506]
	Ordinal0 [0x008844E4+1131748]
	Ordinal0 [0x00894812+1198098]
	Ordinal0 [0x008842B6+1131190]
	Ordinal0 [0x0085E860+976992]
	Ordinal0 [0x0085F756+980822]
	GetHandleVerifier [0x00C2CC62+2510274]
	GetHandleVerifier [0x00C1F760+2455744]
	GetHandleVerifier [0x00A4EABA+551962]
	GetHandleVerifier [0x00A4D916+547446]
	Ordinal0 [0x00955F3B+1990459]
	Ordinal0 [0x0095A898+2009240]
	Ordinal0 [0x0095A985+2009477]
	Ordinal0 [0x00963AD1+2046673]
	BaseThreadInitThunk [0x763DFA29+25]
	RtlGetAppContainerNamedObjectPath [0x77E07A9E+286]
	RtlGetAppContainerNamedObjectPath [0x77E07A6E+238]

2022-06-27 21:31:33,755 - root - ERROR - Failed to find element
Traceback (most recent call last):
  File "C:\Users\T.Ntandika\PycharmProjects\VisaBooking\pages\base_element.py", line 19, in find
    element = WebDriverWait(self.driver, 1).until(
  File "C:\Users\T.Ntandika\PycharmProjects\VisaBooking\env\lib\site-packages\selenium\webdriver\support\wait.py", line 87, in until
    raise TimeoutException(message, screen, stacktrace)
selenium.common.exceptions.TimeoutException: Message: 
Stacktrace:
Backtrace:
	Ordinal0 [0x009BD953+2414931]
	Ordinal0 [0x0094F5E1+1963489]
	Ordinal0 [0x0083C6B8+837304]
	Ordinal0 [0x00869500+1021184]
	Ordinal0 [0x0086979B+1021851]
	Ordinal0 [0x00896502+1205506]
	Ordinal0 [0x008844E4+1131748]
	Ordinal0 [0x00894812+1198098]
	Ordinal0 [0x008842B6+1131190]
	Ordinal0 [0x0085E860+976992]
	Ordinal0 [0x0085F756+980822]
	GetHandleVerifier [0x00C2CC62+2510274]
	GetHandleVerifier [0x00C1F760+2455744]
	GetHandleVerifier [0x00A4EABA+551962]
	GetHandleVerifier [0x00A4D916+547446]
	Ordinal0 [0x00955F3B+1990459]
	Ordinal0 [0x0095A898+2009240]
	Ordinal0 [0x0095A985+2009477]
	Ordinal0 [0x00963AD1+2046673]
	BaseThreadInitThunk [0x763DFA29+25]
	RtlGetAppContainerNamedObjectPath [0x77E07A9E+286]
	RtlGetAppContainerNamedObjectPath [0x77E07A6E+238]

2022-06-27 21:31:34,979 - root - ERROR - Failed to find element
Traceback (most recent call last):
  File "C:\Users\T.Ntandika\PycharmProjects\VisaBooking\pages\base_element.py", line 19, in find
    element = WebDriverWait(self.driver, 1).until(
  File "C:\Users\T.Ntandika\PycharmProjects\VisaBooking\env\lib\site-packages\selenium\webdriver\support\wait.py", line 87, in until
    raise TimeoutException(message, screen, stacktrace)
selenium.common.exceptions.TimeoutException: Message: 
Stacktrace:
Backtrace:
	Ordinal0 [0x009BD953+2414931]
	Ordinal0 [0x0094F5E1+1963489]
	Ordinal0 [0x0083C6B8+837304]
	Ordinal0 [0x00869500+1021184]
	Ordinal0 [0x0086979B+1021851]
	Ordinal0 [0x00896502+1205506]
	Ordinal0 [0x008844E4+1131748]
	Ordinal0 [0x00894812+1198098]
	Ordinal0 [0x008842B6+1131190]
	Ordinal0 [0x0085E860+976992]
	Ordinal0 [0x0085F756+980822]
	GetHandleVerifier [0x00C2CC62+2510274]
	GetHandleVerifier [0x00C1F760+2455744]
	GetHandleVerifier [0x00A4EABA+551962]
	GetHandleVerifier [0x00A4D916+547446]
	Ordinal0 [0x00955F3B+1990459]
	Ordinal0 [0x0095A898+2009240]
	Ordinal0 [0x0095A985+2009477]
	Ordinal0 [0x00963AD1+2046673]
	BaseThreadInitThunk [0x763DFA29+25]
	RtlGetAppContainerNamedObjectPath [0x77E07A9E+286]
	RtlGetAppContainerNamedObjectPath [0x77E07A6E+238]

2022-06-27 21:31:36,240 - root - ERROR - Failed to find element
Traceback (most recent call last):
  File "C:\Users\T.Ntandika\PycharmProjects\VisaBooking\pages\base_element.py", line 19, in find
    element = WebDriverWait(self.driver, 1).until(
  File "C:\Users\T.Ntandika\PycharmProjects\VisaBooking\env\lib\site-packages\selenium\webdriver\support\wait.py", line 87, in until
    raise TimeoutException(message, screen, stacktrace)
selenium.common.exceptions.TimeoutException: Message: 
Stacktrace:
Backtrace:
	Ordinal0 [0x009BD953+2414931]
	Ordinal0 [0x0094F5E1+1963489]
	Ordinal0 [0x0083C6B8+837304]
	Ordinal0 [0x00869500+1021184]
	Ordinal0 [0x0086979B+1021851]
	Ordinal0 [0x00896502+1205506]
	Ordinal0 [0x008844E4+1131748]
	Ordinal0 [0x00894812+1198098]
	Ordinal0 [0x008842B6+1131190]
	Ordinal0 [0x0085E860+976992]
	Ordinal0 [0x0085F756+980822]
	GetHandleVerifier [0x00C2CC62+2510274]
	GetHandleVerifier [0x00C1F760+2455744]
	GetHandleVerifier [0x00A4EABA+551962]
	GetHandleVerifier [0x00A4D916+547446]
	Ordinal0 [0x00955F3B+1990459]
	Ordinal0 [0x0095A898+2009240]
	Ordinal0 [0x0095A985+2009477]
	Ordinal0 [0x00963AD1+2046673]
	BaseThreadInitThunk [0x763DFA29+25]
	RtlGetAppContainerNamedObjectPath [0x77E07A9E+286]
	RtlGetAppContainerNamedObjectPath [0x77E07A6E+238]

2022-06-27 21:31:37,431 - root - ERROR - Failed to find element
Traceback (most recent call last):
  File "C:\Users\T.Ntandika\PycharmProjects\VisaBooking\pages\base_element.py", line 19, in find
    element = WebDriverWait(self.driver, 1).until(
  File "C:\Users\T.Ntandika\PycharmProjects\VisaBooking\env\lib\site-packages\selenium\webdriver\support\wait.py", line 87, in until
    raise TimeoutException(message, screen, stacktrace)
selenium.common.exceptions.TimeoutException: Message: 
Stacktrace:
Backtrace:
	Ordinal0 [0x009BD953+2414931]
	Ordinal0 [0x0094F5E1+1963489]
	Ordinal0 [0x0083C6B8+837304]
	Ordinal0 [0x00869500+1021184]
	Ordinal0 [0x0086979B+1021851]
	Ordinal0 [0x00896502+1205506]
	Ordinal0 [0x008844E4+1131748]
	Ordinal0 [0x00894812+1198098]
	Ordinal0 [0x008842B6+1131190]
	Ordinal0 [0x0085E860+976992]
	Ordinal0 [0x0085F756+980822]
	GetHandleVerifier [0x00C2CC62+2510274]
	GetHandleVerifier [0x00C1F760+2455744]
	GetHandleVerifier [0x00A4EABA+551962]
	GetHandleVerifier [0x00A4D916+547446]
	Ordinal0 [0x00955F3B+1990459]
	Ordinal0 [0x0095A898+2009240]
	Ordinal0 [0x0095A985+2009477]
	Ordinal0 [0x00963AD1+2046673]
	BaseThreadInitThunk [0x763DFA29+25]
	RtlGetAppContainerNamedObjectPath [0x77E07A9E+286]
	RtlGetAppContainerNamedObjectPath [0x77E07A6E+238]

2022-06-27 21:31:38,636 - root - ERROR - Failed to find element
Traceback (most recent call last):
  File "C:\Users\T.Ntandika\PycharmProjects\VisaBooking\pages\base_element.py", line 19, in find
    element = WebDriverWait(self.driver, 1).until(
  File "C:\Users\T.Ntandika\PycharmProjects\VisaBooking\env\lib\site-packages\selenium\webdriver\support\wait.py", line 87, in until
    raise TimeoutException(message, screen, stacktrace)
selenium.common.exceptions.TimeoutException: Message: 
Stacktrace:
Backtrace:
	Ordinal0 [0x009BD953+2414931]
	Ordinal0 [0x0094F5E1+1963489]
	Ordinal0 [0x0083C6B8+837304]
	Ordinal0 [0x00869500+1021184]
	Ordinal0 [0x0086979B+1021851]
	Ordinal0 [0x00896502+1205506]
	Ordinal0 [0x008844E4+1131748]
	Ordinal0 [0x00894812+1198098]
	Ordinal0 [0x008842B6+1131190]
	Ordinal0 [0x0085E860+976992]
	Ordinal0 [0x0085F756+980822]
	GetHandleVerifier [0x00C2CC62+2510274]
	GetHandleVerifier [0x00C1F760+2455744]
	GetHandleVerifier [0x00A4EABA+551962]
	GetHandleVerifier [0x00A4D916+547446]
	Ordinal0 [0x00955F3B+1990459]
	Ordinal0 [0x0095A898+2009240]
	Ordinal0 [0x0095A985+2009477]
	Ordinal0 [0x00963AD1+2046673]
	BaseThreadInitThunk [0x763DFA29+25]
	RtlGetAppContainerNamedObjectPath [0x77E07A9E+286]
	RtlGetAppContainerNamedObjectPath [0x77E07A6E+238]

2022-06-27 21:31:39,848 - root - ERROR - Failed to find element
Traceback (most recent call last):
  File "C:\Users\T.Ntandika\PycharmProjects\VisaBooking\pages\base_element.py", line 19, in find
    element = WebDriverWait(self.driver, 1).until(
  File "C:\Users\T.Ntandika\PycharmProjects\VisaBooking\env\lib\site-packages\selenium\webdriver\support\wait.py", line 87, in until
    raise TimeoutException(message, screen, stacktrace)
selenium.common.exceptions.TimeoutException: Message: 
Stacktrace:
Backtrace:
	Ordinal0 [0x009BD953+2414931]
	Ordinal0 [0x0094F5E1+1963489]
	Ordinal0 [0x0083C6B8+837304]
	Ordinal0 [0x00869500+1021184]
	Ordinal0 [0x0086979B+1021851]
	Ordinal0 [0x00896502+1205506]
	Ordinal0 [0x008844E4+1131748]
	Ordinal0 [0x00894812+1198098]
	Ordinal0 [0x008842B6+1131190]
	Ordinal0 [0x0085E860+976992]
	Ordinal0 [0x0085F756+980822]
	GetHandleVerifier [0x00C2CC62+2510274]
	GetHandleVerifier [0x00C1F760+2455744]
	GetHandleVerifier [0x00A4EABA+551962]
	GetHandleVerifier [0x00A4D916+547446]
	Ordinal0 [0x00955F3B+1990459]
	Ordinal0 [0x0095A898+2009240]
	Ordinal0 [0x0095A985+2009477]
	Ordinal0 [0x00963AD1+2046673]
	BaseThreadInitThunk [0x763DFA29+25]
	RtlGetAppContainerNamedObjectPath [0x77E07A9E+286]
	RtlGetAppContainerNamedObjectPath [0x77E07A6E+238]

2022-06-27 21:31:41,062 - root - ERROR - Failed to find element
Traceback (most recent call last):
  File "C:\Users\T.Ntandika\PycharmProjects\VisaBooking\pages\base_element.py", line 19, in find
    element = WebDriverWait(self.driver, 1).until(
  File "C:\Users\T.Ntandika\PycharmProjects\VisaBooking\env\lib\site-packages\selenium\webdriver\support\wait.py", line 87, in until
    raise TimeoutException(message, screen, stacktrace)
selenium.common.exceptions.TimeoutException: Message: 
Stacktrace:
Backtrace:
	Ordinal0 [0x009BD953+2414931]
	Ordinal0 [0x0094F5E1+1963489]
	Ordinal0 [0x0083C6B8+837304]
	Ordinal0 [0x00869500+1021184]
	Ordinal0 [0x0086979B+1021851]
	Ordinal0 [0x00896502+1205506]
	Ordinal0 [0x008844E4+1131748]
	Ordinal0 [0x00894812+1198098]
	Ordinal0 [0x008842B6+1131190]
	Ordinal0 [0x0085E860+976992]
	Ordinal0 [0x0085F756+980822]
	GetHandleVerifier [0x00C2CC62+2510274]
	GetHandleVerifier [0x00C1F760+2455744]
	GetHandleVerifier [0x00A4EABA+551962]
	GetHandleVerifier [0x00A4D916+547446]
	Ordinal0 [0x00955F3B+1990459]
	Ordinal0 [0x0095A898+2009240]
	Ordinal0 [0x0095A985+2009477]
	Ordinal0 [0x00963AD1+2046673]
	BaseThreadInitThunk [0x763DFA29+25]
	RtlGetAppContainerNamedObjectPath [0x77E07A9E+286]
	RtlGetAppContainerNamedObjectPath [0x77E07A6E+238]

2022-06-27 21:31:42,282 - root - ERROR - Failed to find element
Traceback (most recent call last):
  File "C:\Users\T.Ntandika\PycharmProjects\VisaBooking\pages\base_element.py", line 19, in find
    element = WebDriverWait(self.driver, 1).until(
  File "C:\Users\T.Ntandika\PycharmProjects\VisaBooking\env\lib\site-packages\selenium\webdriver\support\wait.py", line 87, in until
    raise TimeoutException(message, screen, stacktrace)
selenium.common.exceptions.TimeoutException: Message: 
Stacktrace:
Backtrace:
	Ordinal0 [0x009BD953+2414931]
	Ordinal0 [0x0094F5E1+1963489]
	Ordinal0 [0x0083C6B8+837304]
	Ordinal0 [0x00869500+1021184]
	Ordinal0 [0x0086979B+1021851]
	Ordinal0 [0x00896502+1205506]
	Ordinal0 [0x008844E4+1131748]
	Ordinal0 [0x00894812+1198098]
	Ordinal0 [0x008842B6+1131190]
	Ordinal0 [0x0085E860+976992]
	Ordinal0 [0x0085F756+980822]
	GetHandleVerifier [0x00C2CC62+2510274]
	GetHandleVerifier [0x00C1F760+2455744]
	GetHandleVerifier [0x00A4EABA+551962]
	GetHandleVerifier [0x00A4D916+547446]
	Ordinal0 [0x00955F3B+1990459]
	Ordinal0 [0x0095A898+2009240]
	Ordinal0 [0x0095A985+2009477]
	Ordinal0 [0x00963AD1+2046673]
	BaseThreadInitThunk [0x763DFA29+25]
	RtlGetAppContainerNamedObjectPath [0x77E07A9E+286]
	RtlGetAppContainerNamedObjectPath [0x77E07A6E+238]

2022-06-27 21:31:43,484 - root - ERROR - Failed to find element
Traceback (most recent call last):
  File "C:\Users\T.Ntandika\PycharmProjects\VisaBooking\pages\base_element.py", line 19, in find
    element = WebDriverWait(self.driver, 1).until(
  File "C:\Users\T.Ntandika\PycharmProjects\VisaBooking\env\lib\site-packages\selenium\webdriver\support\wait.py", line 87, in until
    raise TimeoutException(message, screen, stacktrace)
selenium.common.exceptions.TimeoutException: Message: 
Stacktrace:
Backtrace:
	Ordinal0 [0x009BD953+2414931]
	Ordinal0 [0x0094F5E1+1963489]
	Ordinal0 [0x0083C6B8+837304]
	Ordinal0 [0x00869500+1021184]
	Ordinal0 [0x0086979B+1021851]
	Ordinal0 [0x00896502+1205506]
	Ordinal0 [0x008844E4+1131748]
	Ordinal0 [0x00894812+1198098]
	Ordinal0 [0x008842B6+1131190]
	Ordinal0 [0x0085E860+976992]
	Ordinal0 [0x0085F756+980822]
	GetHandleVerifier [0x00C2CC62+2510274]
	GetHandleVerifier [0x00C1F760+2455744]
	GetHandleVerifier [0x00A4EABA+551962]
	GetHandleVerifier [0x00A4D916+547446]
	Ordinal0 [0x00955F3B+1990459]
	Ordinal0 [0x0095A898+2009240]
	Ordinal0 [0x0095A985+2009477]
	Ordinal0 [0x00963AD1+2046673]
	BaseThreadInitThunk [0x763DFA29+25]
	RtlGetAppContainerNamedObjectPath [0x77E07A9E+286]
	RtlGetAppContainerNamedObjectPath [0x77E07A6E+238]

2022-06-27 21:31:44,692 - root - ERROR - Failed to find element
Traceback (most recent call last):
  File "C:\Users\T.Ntandika\PycharmProjects\VisaBooking\pages\base_element.py", line 19, in find
    element = WebDriverWait(self.driver, 1).until(
  File "C:\Users\T.Ntandika\PycharmProjects\VisaBooking\env\lib\site-packages\selenium\webdriver\support\wait.py", line 87, in until
    raise TimeoutException(message, screen, stacktrace)
selenium.common.exceptions.TimeoutException: Message: 
Stacktrace:
Backtrace:
	Ordinal0 [0x009BD953+2414931]
	Ordinal0 [0x0094F5E1+1963489]
	Ordinal0 [0x0083C6B8+837304]
	Ordinal0 [0x00869500+1021184]
	Ordinal0 [0x0086979B+1021851]
	Ordinal0 [0x00896502+1205506]
	Ordinal0 [0x008844E4+1131748]
	Ordinal0 [0x00894812+1198098]
	Ordinal0 [0x008842B6+1131190]
	Ordinal0 [0x0085E860+976992]
	Ordinal0 [0x0085F756+980822]
	GetHandleVerifier [0x00C2CC62+2510274]
	GetHandleVerifier [0x00C1F760+2455744]
	GetHandleVerifier [0x00A4EABA+551962]
	GetHandleVerifier [0x00A4D916+547446]
	Ordinal0 [0x00955F3B+1990459]
	Ordinal0 [0x0095A898+2009240]
	Ordinal0 [0x0095A985+2009477]
	Ordinal0 [0x00963AD1+2046673]
	BaseThreadInitThunk [0x763DFA29+25]
	RtlGetAppContainerNamedObjectPath [0x77E07A9E+286]
	RtlGetAppContainerNamedObjectPath [0x77E07A6E+238]

2022-06-27 21:31:45,929 - root - INFO - current date 2023-05-11 earlier than available date 2023-06-07
2022-06-27 21:32:51,711 - root - ERROR - Failed to find element
Traceback (most recent call last):
  File "C:\Users\T.Ntandika\PycharmProjects\VisaBooking\pages\base_element.py", line 19, in find
    element = WebDriverWait(self.driver, 1).until(
  File "C:\Users\T.Ntandika\PycharmProjects\VisaBooking\env\lib\site-packages\selenium\webdriver\support\wait.py", line 87, in until
    raise TimeoutException(message, screen, stacktrace)
selenium.common.exceptions.TimeoutException: Message: 
Stacktrace:
Backtrace:
	Ordinal0 [0x009BD953+2414931]
	Ordinal0 [0x0094F5E1+1963489]
	Ordinal0 [0x0083C6B8+837304]
	Ordinal0 [0x00869500+1021184]
	Ordinal0 [0x0086979B+1021851]
	Ordinal0 [0x00896502+1205506]
	Ordinal0 [0x008844E4+1131748]
	Ordinal0 [0x00894812+1198098]
	Ordinal0 [0x008842B6+1131190]
	Ordinal0 [0x0085E860+976992]
	Ordinal0 [0x0085F756+980822]
	GetHandleVerifier [0x00C2CC62+2510274]
	GetHandleVerifier [0x00C1F760+2455744]
	GetHandleVerifier [0x00A4EABA+551962]
	GetHandleVerifier [0x00A4D916+547446]
	Ordinal0 [0x00955F3B+1990459]
	Ordinal0 [0x0095A898+2009240]
	Ordinal0 [0x0095A985+2009477]
	Ordinal0 [0x00963AD1+2046673]
	BaseThreadInitThunk [0x763DFA29+25]
	RtlGetAppContainerNamedObjectPath [0x77E07A9E+286]
	RtlGetAppContainerNamedObjectPath [0x77E07A6E+238]

2022-06-27 21:32:52,948 - root - ERROR - Failed to find element
Traceback (most recent call last):
  File "C:\Users\T.Ntandika\PycharmProjects\VisaBooking\pages\base_element.py", line 19, in find
    element = WebDriverWait(self.driver, 1).until(
  File "C:\Users\T.Ntandika\PycharmProjects\VisaBooking\env\lib\site-packages\selenium\webdriver\support\wait.py", line 87, in until
    raise TimeoutException(message, screen, stacktrace)
selenium.common.exceptions.TimeoutException: Message: 
Stacktrace:
Backtrace:
	Ordinal0 [0x009BD953+2414931]
	Ordinal0 [0x0094F5E1+1963489]
	Ordinal0 [0x0083C6B8+837304]
	Ordinal0 [0x00869500+1021184]
	Ordinal0 [0x0086979B+1021851]
	Ordinal0 [0x00896502+1205506]
	Ordinal0 [0x008844E4+1131748]
	Ordinal0 [0x00894812+1198098]
	Ordinal0 [0x008842B6+1131190]
	Ordinal0 [0x0085E860+976992]
	Ordinal0 [0x0085F756+980822]
	GetHandleVerifier [0x00C2CC62+2510274]
	GetHandleVerifier [0x00C1F760+2455744]
	GetHandleVerifier [0x00A4EABA+551962]
	GetHandleVerifier [0x00A4D916+547446]
	Ordinal0 [0x00955F3B+1990459]
	Ordinal0 [0x0095A898+2009240]
	Ordinal0 [0x0095A985+2009477]
	Ordinal0 [0x00963AD1+2046673]
	BaseThreadInitThunk [0x763DFA29+25]
	RtlGetAppContainerNamedObjectPath [0x77E07A9E+286]
	RtlGetAppContainerNamedObjectPath [0x77E07A6E+238]

2022-06-27 21:32:54,179 - root - ERROR - Failed to find element
Traceback (most recent call last):
  File "C:\Users\T.Ntandika\PycharmProjects\VisaBooking\pages\base_element.py", line 19, in find
    element = WebDriverWait(self.driver, 1).until(
  File "C:\Users\T.Ntandika\PycharmProjects\VisaBooking\env\lib\site-packages\selenium\webdriver\support\wait.py", line 87, in until
    raise TimeoutException(message, screen, stacktrace)
selenium.common.exceptions.TimeoutException: Message: 
Stacktrace:
Backtrace:
	Ordinal0 [0x009BD953+2414931]
	Ordinal0 [0x0094F5E1+1963489]
	Ordinal0 [0x0083C6B8+837304]
	Ordinal0 [0x00869500+1021184]
	Ordinal0 [0x0086979B+1021851]
	Ordinal0 [0x00896502+1205506]
	Ordinal0 [0x008844E4+1131748]
	Ordinal0 [0x00894812+1198098]
	Ordinal0 [0x008842B6+1131190]
	Ordinal0 [0x0085E860+976992]
	Ordinal0 [0x0085F756+980822]
	GetHandleVerifier [0x00C2CC62+2510274]
	GetHandleVerifier [0x00C1F760+2455744]
	GetHandleVerifier [0x00A4EABA+551962]
	GetHandleVerifier [0x00A4D916+547446]
	Ordinal0 [0x00955F3B+1990459]
	Ordinal0 [0x0095A898+2009240]
	Ordinal0 [0x0095A985+2009477]
	Ordinal0 [0x00963AD1+2046673]
	BaseThreadInitThunk [0x763DFA29+25]
	RtlGetAppContainerNamedObjectPath [0x77E07A9E+286]
	RtlGetAppContainerNamedObjectPath [0x77E07A6E+238]

2022-06-27 21:32:55,374 - root - ERROR - Failed to find element
Traceback (most recent call last):
  File "C:\Users\T.Ntandika\PycharmProjects\VisaBooking\pages\base_element.py", line 19, in find
    element = WebDriverWait(self.driver, 1).until(
  File "C:\Users\T.Ntandika\PycharmProjects\VisaBooking\env\lib\site-packages\selenium\webdriver\support\wait.py", line 87, in until
    raise TimeoutException(message, screen, stacktrace)
selenium.common.exceptions.TimeoutException: Message: 
Stacktrace:
Backtrace:
	Ordinal0 [0x009BD953+2414931]
	Ordinal0 [0x0094F5E1+1963489]
	Ordinal0 [0x0083C6B8+837304]
	Ordinal0 [0x00869500+1021184]
	Ordinal0 [0x0086979B+1021851]
	Ordinal0 [0x00896502+1205506]
	Ordinal0 [0x008844E4+1131748]
	Ordinal0 [0x00894812+1198098]
	Ordinal0 [0x008842B6+1131190]
	Ordinal0 [0x0085E860+976992]
	Ordinal0 [0x0085F756+980822]
	GetHandleVerifier [0x00C2CC62+2510274]
	GetHandleVerifier [0x00C1F760+2455744]
	GetHandleVerifier [0x00A4EABA+551962]
	GetHandleVerifier [0x00A4D916+547446]
	Ordinal0 [0x00955F3B+1990459]
	Ordinal0 [0x0095A898+2009240]
	Ordinal0 [0x0095A985+2009477]
	Ordinal0 [0x00963AD1+2046673]
	BaseThreadInitThunk [0x763DFA29+25]
	RtlGetAppContainerNamedObjectPath [0x77E07A9E+286]
	RtlGetAppContainerNamedObjectPath [0x77E07A6E+238]

2022-06-27 21:32:56,625 - root - ERROR - Failed to find element
Traceback (most recent call last):
  File "C:\Users\T.Ntandika\PycharmProjects\VisaBooking\pages\base_element.py", line 19, in find
    element = WebDriverWait(self.driver, 1).until(
  File "C:\Users\T.Ntandika\PycharmProjects\VisaBooking\env\lib\site-packages\selenium\webdriver\support\wait.py", line 87, in until
    raise TimeoutException(message, screen, stacktrace)
selenium.common.exceptions.TimeoutException: Message: 
Stacktrace:
Backtrace:
	Ordinal0 [0x009BD953+2414931]
	Ordinal0 [0x0094F5E1+1963489]
	Ordinal0 [0x0083C6B8+837304]
	Ordinal0 [0x00869500+1021184]
	Ordinal0 [0x0086979B+1021851]
	Ordinal0 [0x00896502+1205506]
	Ordinal0 [0x008844E4+1131748]
	Ordinal0 [0x00894812+1198098]
	Ordinal0 [0x008842B6+1131190]
	Ordinal0 [0x0085E860+976992]
	Ordinal0 [0x0085F756+980822]
	GetHandleVerifier [0x00C2CC62+2510274]
	GetHandleVerifier [0x00C1F760+2455744]
	GetHandleVerifier [0x00A4EABA+551962]
	GetHandleVerifier [0x00A4D916+547446]
	Ordinal0 [0x00955F3B+1990459]
	Ordinal0 [0x0095A898+2009240]
	Ordinal0 [0x0095A985+2009477]
	Ordinal0 [0x00963AD1+2046673]
	BaseThreadInitThunk [0x763DFA29+25]
	RtlGetAppContainerNamedObjectPath [0x77E07A9E+286]
	RtlGetAppContainerNamedObjectPath [0x77E07A6E+238]

2022-06-27 21:32:57,840 - root - ERROR - Failed to find element
Traceback (most recent call last):
  File "C:\Users\T.Ntandika\PycharmProjects\VisaBooking\pages\base_element.py", line 19, in find
    element = WebDriverWait(self.driver, 1).until(
  File "C:\Users\T.Ntandika\PycharmProjects\VisaBooking\env\lib\site-packages\selenium\webdriver\support\wait.py", line 87, in until
    raise TimeoutException(message, screen, stacktrace)
selenium.common.exceptions.TimeoutException: Message: 
Stacktrace:
Backtrace:
	Ordinal0 [0x009BD953+2414931]
	Ordinal0 [0x0094F5E1+1963489]
	Ordinal0 [0x0083C6B8+837304]
	Ordinal0 [0x00869500+1021184]
	Ordinal0 [0x0086979B+1021851]
	Ordinal0 [0x00896502+1205506]
	Ordinal0 [0x008844E4+1131748]
	Ordinal0 [0x00894812+1198098]
	Ordinal0 [0x008842B6+1131190]
	Ordinal0 [0x0085E860+976992]
	Ordinal0 [0x0085F756+980822]
	GetHandleVerifier [0x00C2CC62+2510274]
	GetHandleVerifier [0x00C1F760+2455744]
	GetHandleVerifier [0x00A4EABA+551962]
	GetHandleVerifier [0x00A4D916+547446]
	Ordinal0 [0x00955F3B+1990459]
	Ordinal0 [0x0095A898+2009240]
	Ordinal0 [0x0095A985+2009477]
	Ordinal0 [0x00963AD1+2046673]
	BaseThreadInitThunk [0x763DFA29+25]
	RtlGetAppContainerNamedObjectPath [0x77E07A9E+286]
	RtlGetAppContainerNamedObjectPath [0x77E07A6E+238]

2022-06-27 21:32:59,109 - root - ERROR - Failed to find element
Traceback (most recent call last):
  File "C:\Users\T.Ntandika\PycharmProjects\VisaBooking\pages\base_element.py", line 19, in find
    element = WebDriverWait(self.driver, 1).until(
  File "C:\Users\T.Ntandika\PycharmProjects\VisaBooking\env\lib\site-packages\selenium\webdriver\support\wait.py", line 87, in until
    raise TimeoutException(message, screen, stacktrace)
selenium.common.exceptions.TimeoutException: Message: 
Stacktrace:
Backtrace:
	Ordinal0 [0x009BD953+2414931]
	Ordinal0 [0x0094F5E1+1963489]
	Ordinal0 [0x0083C6B8+837304]
	Ordinal0 [0x00869500+1021184]
	Ordinal0 [0x0086979B+1021851]
	Ordinal0 [0x00896502+1205506]
	Ordinal0 [0x008844E4+1131748]
	Ordinal0 [0x00894812+1198098]
	Ordinal0 [0x008842B6+1131190]
	Ordinal0 [0x0085E860+976992]
	Ordinal0 [0x0085F756+980822]
	GetHandleVerifier [0x00C2CC62+2510274]
	GetHandleVerifier [0x00C1F760+2455744]
	GetHandleVerifier [0x00A4EABA+551962]
	GetHandleVerifier [0x00A4D916+547446]
	Ordinal0 [0x00955F3B+1990459]
	Ordinal0 [0x0095A898+2009240]
	Ordinal0 [0x0095A985+2009477]
	Ordinal0 [0x00963AD1+2046673]
	BaseThreadInitThunk [0x763DFA29+25]
	RtlGetAppContainerNamedObjectPath [0x77E07A9E+286]
	RtlGetAppContainerNamedObjectPath [0x77E07A6E+238]

2022-06-27 21:33:00,375 - root - ERROR - Failed to find element
Traceback (most recent call last):
  File "C:\Users\T.Ntandika\PycharmProjects\VisaBooking\pages\base_element.py", line 19, in find
    element = WebDriverWait(self.driver, 1).until(
  File "C:\Users\T.Ntandika\PycharmProjects\VisaBooking\env\lib\site-packages\selenium\webdriver\support\wait.py", line 87, in until
    raise TimeoutException(message, screen, stacktrace)
selenium.common.exceptions.TimeoutException: Message: 
Stacktrace:
Backtrace:
	Ordinal0 [0x009BD953+2414931]
	Ordinal0 [0x0094F5E1+1963489]
	Ordinal0 [0x0083C6B8+837304]
	Ordinal0 [0x00869500+1021184]
	Ordinal0 [0x0086979B+1021851]
	Ordinal0 [0x00896502+1205506]
	Ordinal0 [0x008844E4+1131748]
	Ordinal0 [0x00894812+1198098]
	Ordinal0 [0x008842B6+1131190]
	Ordinal0 [0x0085E860+976992]
	Ordinal0 [0x0085F756+980822]
	GetHandleVerifier [0x00C2CC62+2510274]
	GetHandleVerifier [0x00C1F760+2455744]
	GetHandleVerifier [0x00A4EABA+551962]
	GetHandleVerifier [0x00A4D916+547446]
	Ordinal0 [0x00955F3B+1990459]
	Ordinal0 [0x0095A898+2009240]
	Ordinal0 [0x0095A985+2009477]
	Ordinal0 [0x00963AD1+2046673]
	BaseThreadInitThunk [0x763DFA29+25]
	RtlGetAppContainerNamedObjectPath [0x77E07A9E+286]
	RtlGetAppContainerNamedObjectPath [0x77E07A6E+238]

2022-06-27 21:33:01,625 - root - ERROR - Failed to find element
Traceback (most recent call last):
  File "C:\Users\T.Ntandika\PycharmProjects\VisaBooking\pages\base_element.py", line 19, in find
    element = WebDriverWait(self.driver, 1).until(
  File "C:\Users\T.Ntandika\PycharmProjects\VisaBooking\env\lib\site-packages\selenium\webdriver\support\wait.py", line 87, in until
    raise TimeoutException(message, screen, stacktrace)
selenium.common.exceptions.TimeoutException: Message: 
Stacktrace:
Backtrace:
	Ordinal0 [0x009BD953+2414931]
	Ordinal0 [0x0094F5E1+1963489]
	Ordinal0 [0x0083C6B8+837304]
	Ordinal0 [0x00869500+1021184]
	Ordinal0 [0x0086979B+1021851]
	Ordinal0 [0x00896502+1205506]
	Ordinal0 [0x008844E4+1131748]
	Ordinal0 [0x00894812+1198098]
	Ordinal0 [0x008842B6+1131190]
	Ordinal0 [0x0085E860+976992]
	Ordinal0 [0x0085F756+980822]
	GetHandleVerifier [0x00C2CC62+2510274]
	GetHandleVerifier [0x00C1F760+2455744]
	GetHandleVerifier [0x00A4EABA+551962]
	GetHandleVerifier [0x00A4D916+547446]
	Ordinal0 [0x00955F3B+1990459]
	Ordinal0 [0x0095A898+2009240]
	Ordinal0 [0x0095A985+2009477]
	Ordinal0 [0x00963AD1+2046673]
	BaseThreadInitThunk [0x763DFA29+25]
	RtlGetAppContainerNamedObjectPath [0x77E07A9E+286]
	RtlGetAppContainerNamedObjectPath [0x77E07A6E+238]

2022-06-27 21:33:02,864 - root - ERROR - Failed to find element
Traceback (most recent call last):
  File "C:\Users\T.Ntandika\PycharmProjects\VisaBooking\pages\base_element.py", line 19, in find
    element = WebDriverWait(self.driver, 1).until(
  File "C:\Users\T.Ntandika\PycharmProjects\VisaBooking\env\lib\site-packages\selenium\webdriver\support\wait.py", line 87, in until
    raise TimeoutException(message, screen, stacktrace)
selenium.common.exceptions.TimeoutException: Message: 
Stacktrace:
Backtrace:
	Ordinal0 [0x009BD953+2414931]
	Ordinal0 [0x0094F5E1+1963489]
	Ordinal0 [0x0083C6B8+837304]
	Ordinal0 [0x00869500+1021184]
	Ordinal0 [0x0086979B+1021851]
	Ordinal0 [0x00896502+1205506]
	Ordinal0 [0x008844E4+1131748]
	Ordinal0 [0x00894812+1198098]
	Ordinal0 [0x008842B6+1131190]
	Ordinal0 [0x0085E860+976992]
	Ordinal0 [0x0085F756+980822]
	GetHandleVerifier [0x00C2CC62+2510274]
	GetHandleVerifier [0x00C1F760+2455744]
	GetHandleVerifier [0x00A4EABA+551962]
	GetHandleVerifier [0x00A4D916+547446]
	Ordinal0 [0x00955F3B+1990459]
	Ordinal0 [0x0095A898+2009240]
	Ordinal0 [0x0095A985+2009477]
	Ordinal0 [0x00963AD1+2046673]
	BaseThreadInitThunk [0x763DFA29+25]
	RtlGetAppContainerNamedObjectPath [0x77E07A9E+286]
	RtlGetAppContainerNamedObjectPath [0x77E07A6E+238]

2022-06-27 21:33:04,060 - root - ERROR - Failed to find element
Traceback (most recent call last):
  File "C:\Users\T.Ntandika\PycharmProjects\VisaBooking\pages\base_element.py", line 19, in find
    element = WebDriverWait(self.driver, 1).until(
  File "C:\Users\T.Ntandika\PycharmProjects\VisaBooking\env\lib\site-packages\selenium\webdriver\support\wait.py", line 87, in until
    raise TimeoutException(message, screen, stacktrace)
selenium.common.exceptions.TimeoutException: Message: 
Stacktrace:
Backtrace:
	Ordinal0 [0x009BD953+2414931]
	Ordinal0 [0x0094F5E1+1963489]
	Ordinal0 [0x0083C6B8+837304]
	Ordinal0 [0x00869500+1021184]
	Ordinal0 [0x0086979B+1021851]
	Ordinal0 [0x00896502+1205506]
	Ordinal0 [0x008844E4+1131748]
	Ordinal0 [0x00894812+1198098]
	Ordinal0 [0x008842B6+1131190]
	Ordinal0 [0x0085E860+976992]
	Ordinal0 [0x0085F756+980822]
	GetHandleVerifier [0x00C2CC62+2510274]
	GetHandleVerifier [0x00C1F760+2455744]
	GetHandleVerifier [0x00A4EABA+551962]
	GetHandleVerifier [0x00A4D916+547446]
	Ordinal0 [0x00955F3B+1990459]
	Ordinal0 [0x0095A898+2009240]
	Ordinal0 [0x0095A985+2009477]
	Ordinal0 [0x00963AD1+2046673]
	BaseThreadInitThunk [0x763DFA29+25]
	RtlGetAppContainerNamedObjectPath [0x77E07A9E+286]
	RtlGetAppContainerNamedObjectPath [0x77E07A6E+238]

2022-06-27 21:33:05,562 - root - INFO - current date 2023-05-11 earlier than available date 2023-06-07
2022-06-27 21:34:10,287 - root - ERROR - Failed to find element
Traceback (most recent call last):
  File "C:\Users\T.Ntandika\PycharmProjects\VisaBooking\pages\base_element.py", line 19, in find
    element = WebDriverWait(self.driver, 1).until(
  File "C:\Users\T.Ntandika\PycharmProjects\VisaBooking\env\lib\site-packages\selenium\webdriver\support\wait.py", line 87, in until
    raise TimeoutException(message, screen, stacktrace)
selenium.common.exceptions.TimeoutException: Message: 
Stacktrace:
Backtrace:
	Ordinal0 [0x009BD953+2414931]
	Ordinal0 [0x0094F5E1+1963489]
	Ordinal0 [0x0083C6B8+837304]
	Ordinal0 [0x00869500+1021184]
	Ordinal0 [0x0086979B+1021851]
	Ordinal0 [0x00896502+1205506]
	Ordinal0 [0x008844E4+1131748]
	Ordinal0 [0x00894812+1198098]
	Ordinal0 [0x008842B6+1131190]
	Ordinal0 [0x0085E860+976992]
	Ordinal0 [0x0085F756+980822]
	GetHandleVerifier [0x00C2CC62+2510274]
	GetHandleVerifier [0x00C1F760+2455744]
	GetHandleVerifier [0x00A4EABA+551962]
	GetHandleVerifier [0x00A4D916+547446]
	Ordinal0 [0x00955F3B+1990459]
	Ordinal0 [0x0095A898+2009240]
	Ordinal0 [0x0095A985+2009477]
	Ordinal0 [0x00963AD1+2046673]
	BaseThreadInitThunk [0x763DFA29+25]
	RtlGetAppContainerNamedObjectPath [0x77E07A9E+286]
	RtlGetAppContainerNamedObjectPath [0x77E07A6E+238]

2022-06-27 21:34:11,511 - root - ERROR - Failed to find element
Traceback (most recent call last):
  File "C:\Users\T.Ntandika\PycharmProjects\VisaBooking\pages\base_element.py", line 19, in find
    element = WebDriverWait(self.driver, 1).until(
  File "C:\Users\T.Ntandika\PycharmProjects\VisaBooking\env\lib\site-packages\selenium\webdriver\support\wait.py", line 87, in until
    raise TimeoutException(message, screen, stacktrace)
selenium.common.exceptions.TimeoutException: Message: 
Stacktrace:
Backtrace:
	Ordinal0 [0x009BD953+2414931]
	Ordinal0 [0x0094F5E1+1963489]
	Ordinal0 [0x0083C6B8+837304]
	Ordinal0 [0x00869500+1021184]
	Ordinal0 [0x0086979B+1021851]
	Ordinal0 [0x00896502+1205506]
	Ordinal0 [0x008844E4+1131748]
	Ordinal0 [0x00894812+1198098]
	Ordinal0 [0x008842B6+1131190]
	Ordinal0 [0x0085E860+976992]
	Ordinal0 [0x0085F756+980822]
	GetHandleVerifier [0x00C2CC62+2510274]
	GetHandleVerifier [0x00C1F760+2455744]
	GetHandleVerifier [0x00A4EABA+551962]
	GetHandleVerifier [0x00A4D916+547446]
	Ordinal0 [0x00955F3B+1990459]
	Ordinal0 [0x0095A898+2009240]
	Ordinal0 [0x0095A985+2009477]
	Ordinal0 [0x00963AD1+2046673]
	BaseThreadInitThunk [0x763DFA29+25]
	RtlGetAppContainerNamedObjectPath [0x77E07A9E+286]
	RtlGetAppContainerNamedObjectPath [0x77E07A6E+238]

2022-06-27 21:34:12,725 - root - ERROR - Failed to find element
Traceback (most recent call last):
  File "C:\Users\T.Ntandika\PycharmProjects\VisaBooking\pages\base_element.py", line 19, in find
    element = WebDriverWait(self.driver, 1).until(
  File "C:\Users\T.Ntandika\PycharmProjects\VisaBooking\env\lib\site-packages\selenium\webdriver\support\wait.py", line 87, in until
    raise TimeoutException(message, screen, stacktrace)
selenium.common.exceptions.TimeoutException: Message: 
Stacktrace:
Backtrace:
	Ordinal0 [0x009BD953+2414931]
	Ordinal0 [0x0094F5E1+1963489]
	Ordinal0 [0x0083C6B8+837304]
	Ordinal0 [0x00869500+1021184]
	Ordinal0 [0x0086979B+1021851]
	Ordinal0 [0x00896502+1205506]
	Ordinal0 [0x008844E4+1131748]
	Ordinal0 [0x00894812+1198098]
	Ordinal0 [0x008842B6+1131190]
	Ordinal0 [0x0085E860+976992]
	Ordinal0 [0x0085F756+980822]
	GetHandleVerifier [0x00C2CC62+2510274]
	GetHandleVerifier [0x00C1F760+2455744]
	GetHandleVerifier [0x00A4EABA+551962]
	GetHandleVerifier [0x00A4D916+547446]
	Ordinal0 [0x00955F3B+1990459]
	Ordinal0 [0x0095A898+2009240]
	Ordinal0 [0x0095A985+2009477]
	Ordinal0 [0x00963AD1+2046673]
	BaseThreadInitThunk [0x763DFA29+25]
	RtlGetAppContainerNamedObjectPath [0x77E07A9E+286]
	RtlGetAppContainerNamedObjectPath [0x77E07A6E+238]

2022-06-27 21:34:13,932 - root - ERROR - Failed to find element
Traceback (most recent call last):
  File "C:\Users\T.Ntandika\PycharmProjects\VisaBooking\pages\base_element.py", line 19, in find
    element = WebDriverWait(self.driver, 1).until(
  File "C:\Users\T.Ntandika\PycharmProjects\VisaBooking\env\lib\site-packages\selenium\webdriver\support\wait.py", line 87, in until
    raise TimeoutException(message, screen, stacktrace)
selenium.common.exceptions.TimeoutException: Message: 
Stacktrace:
Backtrace:
	Ordinal0 [0x009BD953+2414931]
	Ordinal0 [0x0094F5E1+1963489]
	Ordinal0 [0x0083C6B8+837304]
	Ordinal0 [0x00869500+1021184]
	Ordinal0 [0x0086979B+1021851]
	Ordinal0 [0x00896502+1205506]
	Ordinal0 [0x008844E4+1131748]
	Ordinal0 [0x00894812+1198098]
	Ordinal0 [0x008842B6+1131190]
	Ordinal0 [0x0085E860+976992]
	Ordinal0 [0x0085F756+980822]
	GetHandleVerifier [0x00C2CC62+2510274]
	GetHandleVerifier [0x00C1F760+2455744]
	GetHandleVerifier [0x00A4EABA+551962]
	GetHandleVerifier [0x00A4D916+547446]
	Ordinal0 [0x00955F3B+1990459]
	Ordinal0 [0x0095A898+2009240]
	Ordinal0 [0x0095A985+2009477]
	Ordinal0 [0x00963AD1+2046673]
	BaseThreadInitThunk [0x763DFA29+25]
	RtlGetAppContainerNamedObjectPath [0x77E07A9E+286]
	RtlGetAppContainerNamedObjectPath [0x77E07A6E+238]

2022-06-27 21:34:15,152 - root - ERROR - Failed to find element
Traceback (most recent call last):
  File "C:\Users\T.Ntandika\PycharmProjects\VisaBooking\pages\base_element.py", line 19, in find
    element = WebDriverWait(self.driver, 1).until(
  File "C:\Users\T.Ntandika\PycharmProjects\VisaBooking\env\lib\site-packages\selenium\webdriver\support\wait.py", line 87, in until
    raise TimeoutException(message, screen, stacktrace)
selenium.common.exceptions.TimeoutException: Message: 
Stacktrace:
Backtrace:
	Ordinal0 [0x009BD953+2414931]
	Ordinal0 [0x0094F5E1+1963489]
	Ordinal0 [0x0083C6B8+837304]
	Ordinal0 [0x00869500+1021184]
	Ordinal0 [0x0086979B+1021851]
	Ordinal0 [0x00896502+1205506]
	Ordinal0 [0x008844E4+1131748]
	Ordinal0 [0x00894812+1198098]
	Ordinal0 [0x008842B6+1131190]
	Ordinal0 [0x0085E860+976992]
	Ordinal0 [0x0085F756+980822]
	GetHandleVerifier [0x00C2CC62+2510274]
	GetHandleVerifier [0x00C1F760+2455744]
	GetHandleVerifier [0x00A4EABA+551962]
	GetHandleVerifier [0x00A4D916+547446]
	Ordinal0 [0x00955F3B+1990459]
	Ordinal0 [0x0095A898+2009240]
	Ordinal0 [0x0095A985+2009477]
	Ordinal0 [0x00963AD1+2046673]
	BaseThreadInitThunk [0x763DFA29+25]
	RtlGetAppContainerNamedObjectPath [0x77E07A9E+286]
	RtlGetAppContainerNamedObjectPath [0x77E07A6E+238]

2022-06-27 21:34:16,374 - root - ERROR - Failed to find element
Traceback (most recent call last):
  File "C:\Users\T.Ntandika\PycharmProjects\VisaBooking\pages\base_element.py", line 19, in find
    element = WebDriverWait(self.driver, 1).until(
  File "C:\Users\T.Ntandika\PycharmProjects\VisaBooking\env\lib\site-packages\selenium\webdriver\support\wait.py", line 87, in until
    raise TimeoutException(message, screen, stacktrace)
selenium.common.exceptions.TimeoutException: Message: 
Stacktrace:
Backtrace:
	Ordinal0 [0x009BD953+2414931]
	Ordinal0 [0x0094F5E1+1963489]
	Ordinal0 [0x0083C6B8+837304]
	Ordinal0 [0x00869500+1021184]
	Ordinal0 [0x0086979B+1021851]
	Ordinal0 [0x00896502+1205506]
	Ordinal0 [0x008844E4+1131748]
	Ordinal0 [0x00894812+1198098]
	Ordinal0 [0x008842B6+1131190]
	Ordinal0 [0x0085E860+976992]
	Ordinal0 [0x0085F756+980822]
	GetHandleVerifier [0x00C2CC62+2510274]
	GetHandleVerifier [0x00C1F760+2455744]
	GetHandleVerifier [0x00A4EABA+551962]
	GetHandleVerifier [0x00A4D916+547446]
	Ordinal0 [0x00955F3B+1990459]
	Ordinal0 [0x0095A898+2009240]
	Ordinal0 [0x0095A985+2009477]
	Ordinal0 [0x00963AD1+2046673]
	BaseThreadInitThunk [0x763DFA29+25]
	RtlGetAppContainerNamedObjectPath [0x77E07A9E+286]
	RtlGetAppContainerNamedObjectPath [0x77E07A6E+238]

2022-06-27 21:34:17,602 - root - ERROR - Failed to find element
Traceback (most recent call last):
  File "C:\Users\T.Ntandika\PycharmProjects\VisaBooking\pages\base_element.py", line 19, in find
    element = WebDriverWait(self.driver, 1).until(
  File "C:\Users\T.Ntandika\PycharmProjects\VisaBooking\env\lib\site-packages\selenium\webdriver\support\wait.py", line 87, in until
    raise TimeoutException(message, screen, stacktrace)
selenium.common.exceptions.TimeoutException: Message: 
Stacktrace:
Backtrace:
	Ordinal0 [0x009BD953+2414931]
	Ordinal0 [0x0094F5E1+1963489]
	Ordinal0 [0x0083C6B8+837304]
	Ordinal0 [0x00869500+1021184]
	Ordinal0 [0x0086979B+1021851]
	Ordinal0 [0x00896502+1205506]
	Ordinal0 [0x008844E4+1131748]
	Ordinal0 [0x00894812+1198098]
	Ordinal0 [0x008842B6+1131190]
	Ordinal0 [0x0085E860+976992]
	Ordinal0 [0x0085F756+980822]
	GetHandleVerifier [0x00C2CC62+2510274]
	GetHandleVerifier [0x00C1F760+2455744]
	GetHandleVerifier [0x00A4EABA+551962]
	GetHandleVerifier [0x00A4D916+547446]
	Ordinal0 [0x00955F3B+1990459]
	Ordinal0 [0x0095A898+2009240]
	Ordinal0 [0x0095A985+2009477]
	Ordinal0 [0x00963AD1+2046673]
	BaseThreadInitThunk [0x763DFA29+25]
	RtlGetAppContainerNamedObjectPath [0x77E07A9E+286]
	RtlGetAppContainerNamedObjectPath [0x77E07A6E+238]

2022-06-27 21:34:18,821 - root - ERROR - Failed to find element
Traceback (most recent call last):
  File "C:\Users\T.Ntandika\PycharmProjects\VisaBooking\pages\base_element.py", line 19, in find
    element = WebDriverWait(self.driver, 1).until(
  File "C:\Users\T.Ntandika\PycharmProjects\VisaBooking\env\lib\site-packages\selenium\webdriver\support\wait.py", line 87, in until
    raise TimeoutException(message, screen, stacktrace)
selenium.common.exceptions.TimeoutException: Message: 
Stacktrace:
Backtrace:
	Ordinal0 [0x009BD953+2414931]
	Ordinal0 [0x0094F5E1+1963489]
	Ordinal0 [0x0083C6B8+837304]
	Ordinal0 [0x00869500+1021184]
	Ordinal0 [0x0086979B+1021851]
	Ordinal0 [0x00896502+1205506]
	Ordinal0 [0x008844E4+1131748]
	Ordinal0 [0x00894812+1198098]
	Ordinal0 [0x008842B6+1131190]
	Ordinal0 [0x0085E860+976992]
	Ordinal0 [0x0085F756+980822]
	GetHandleVerifier [0x00C2CC62+2510274]
	GetHandleVerifier [0x00C1F760+2455744]
	GetHandleVerifier [0x00A4EABA+551962]
	GetHandleVerifier [0x00A4D916+547446]
	Ordinal0 [0x00955F3B+1990459]
	Ordinal0 [0x0095A898+2009240]
	Ordinal0 [0x0095A985+2009477]
	Ordinal0 [0x00963AD1+2046673]
	BaseThreadInitThunk [0x763DFA29+25]
	RtlGetAppContainerNamedObjectPath [0x77E07A9E+286]
	RtlGetAppContainerNamedObjectPath [0x77E07A6E+238]

2022-06-27 21:34:20,017 - root - ERROR - Failed to find element
Traceback (most recent call last):
  File "C:\Users\T.Ntandika\PycharmProjects\VisaBooking\pages\base_element.py", line 19, in find
    element = WebDriverWait(self.driver, 1).until(
  File "C:\Users\T.Ntandika\PycharmProjects\VisaBooking\env\lib\site-packages\selenium\webdriver\support\wait.py", line 87, in until
    raise TimeoutException(message, screen, stacktrace)
selenium.common.exceptions.TimeoutException: Message: 
Stacktrace:
Backtrace:
	Ordinal0 [0x009BD953+2414931]
	Ordinal0 [0x0094F5E1+1963489]
	Ordinal0 [0x0083C6B8+837304]
	Ordinal0 [0x00869500+1021184]
	Ordinal0 [0x0086979B+1021851]
	Ordinal0 [0x00896502+1205506]
	Ordinal0 [0x008844E4+1131748]
	Ordinal0 [0x00894812+1198098]
	Ordinal0 [0x008842B6+1131190]
	Ordinal0 [0x0085E860+976992]
	Ordinal0 [0x0085F756+980822]
	GetHandleVerifier [0x00C2CC62+2510274]
	GetHandleVerifier [0x00C1F760+2455744]
	GetHandleVerifier [0x00A4EABA+551962]
	GetHandleVerifier [0x00A4D916+547446]
	Ordinal0 [0x00955F3B+1990459]
	Ordinal0 [0x0095A898+2009240]
	Ordinal0 [0x0095A985+2009477]
	Ordinal0 [0x00963AD1+2046673]
	BaseThreadInitThunk [0x763DFA29+25]
	RtlGetAppContainerNamedObjectPath [0x77E07A9E+286]
	RtlGetAppContainerNamedObjectPath [0x77E07A6E+238]

2022-06-27 21:34:21,221 - root - ERROR - Failed to find element
Traceback (most recent call last):
  File "C:\Users\T.Ntandika\PycharmProjects\VisaBooking\pages\base_element.py", line 19, in find
    element = WebDriverWait(self.driver, 1).until(
  File "C:\Users\T.Ntandika\PycharmProjects\VisaBooking\env\lib\site-packages\selenium\webdriver\support\wait.py", line 87, in until
    raise TimeoutException(message, screen, stacktrace)
selenium.common.exceptions.TimeoutException: Message: 
Stacktrace:
Backtrace:
	Ordinal0 [0x009BD953+2414931]
	Ordinal0 [0x0094F5E1+1963489]
	Ordinal0 [0x0083C6B8+837304]
	Ordinal0 [0x00869500+1021184]
	Ordinal0 [0x0086979B+1021851]
	Ordinal0 [0x00896502+1205506]
	Ordinal0 [0x008844E4+1131748]
	Ordinal0 [0x00894812+1198098]
	Ordinal0 [0x008842B6+1131190]
	Ordinal0 [0x0085E860+976992]
	Ordinal0 [0x0085F756+980822]
	GetHandleVerifier [0x00C2CC62+2510274]
	GetHandleVerifier [0x00C1F760+2455744]
	GetHandleVerifier [0x00A4EABA+551962]
	GetHandleVerifier [0x00A4D916+547446]
	Ordinal0 [0x00955F3B+1990459]
	Ordinal0 [0x0095A898+2009240]
	Ordinal0 [0x0095A985+2009477]
	Ordinal0 [0x00963AD1+2046673]
	BaseThreadInitThunk [0x763DFA29+25]
	RtlGetAppContainerNamedObjectPath [0x77E07A9E+286]
	RtlGetAppContainerNamedObjectPath [0x77E07A6E+238]

2022-06-27 21:34:22,421 - root - ERROR - Failed to find element
Traceback (most recent call last):
  File "C:\Users\T.Ntandika\PycharmProjects\VisaBooking\pages\base_element.py", line 19, in find
    element = WebDriverWait(self.driver, 1).until(
  File "C:\Users\T.Ntandika\PycharmProjects\VisaBooking\env\lib\site-packages\selenium\webdriver\support\wait.py", line 87, in until
    raise TimeoutException(message, screen, stacktrace)
selenium.common.exceptions.TimeoutException: Message: 
Stacktrace:
Backtrace:
	Ordinal0 [0x009BD953+2414931]
	Ordinal0 [0x0094F5E1+1963489]
	Ordinal0 [0x0083C6B8+837304]
	Ordinal0 [0x00869500+1021184]
	Ordinal0 [0x0086979B+1021851]
	Ordinal0 [0x00896502+1205506]
	Ordinal0 [0x008844E4+1131748]
	Ordinal0 [0x00894812+1198098]
	Ordinal0 [0x008842B6+1131190]
	Ordinal0 [0x0085E860+976992]
	Ordinal0 [0x0085F756+980822]
	GetHandleVerifier [0x00C2CC62+2510274]
	GetHandleVerifier [0x00C1F760+2455744]
	GetHandleVerifier [0x00A4EABA+551962]
	GetHandleVerifier [0x00A4D916+547446]
	Ordinal0 [0x00955F3B+1990459]
	Ordinal0 [0x0095A898+2009240]
	Ordinal0 [0x0095A985+2009477]
	Ordinal0 [0x00963AD1+2046673]
	BaseThreadInitThunk [0x763DFA29+25]
	RtlGetAppContainerNamedObjectPath [0x77E07A9E+286]
	RtlGetAppContainerNamedObjectPath [0x77E07A6E+238]

2022-06-27 21:34:23,742 - root - INFO - current date 2023-05-11 earlier than available date 2023-06-07
2022-06-27 21:35:29,740 - root - ERROR - Failed to find element
Traceback (most recent call last):
  File "C:\Users\T.Ntandika\PycharmProjects\VisaBooking\pages\base_element.py", line 19, in find
    element = WebDriverWait(self.driver, 1).until(
  File "C:\Users\T.Ntandika\PycharmProjects\VisaBooking\env\lib\site-packages\selenium\webdriver\support\wait.py", line 87, in until
    raise TimeoutException(message, screen, stacktrace)
selenium.common.exceptions.TimeoutException: Message: 
Stacktrace:
Backtrace:
	Ordinal0 [0x009BD953+2414931]
	Ordinal0 [0x0094F5E1+1963489]
	Ordinal0 [0x0083C6B8+837304]
	Ordinal0 [0x00869500+1021184]
	Ordinal0 [0x0086979B+1021851]
	Ordinal0 [0x00896502+1205506]
	Ordinal0 [0x008844E4+1131748]
	Ordinal0 [0x00894812+1198098]
	Ordinal0 [0x008842B6+1131190]
	Ordinal0 [0x0085E860+976992]
	Ordinal0 [0x0085F756+980822]
	GetHandleVerifier [0x00C2CC62+2510274]
	GetHandleVerifier [0x00C1F760+2455744]
	GetHandleVerifier [0x00A4EABA+551962]
	GetHandleVerifier [0x00A4D916+547446]
	Ordinal0 [0x00955F3B+1990459]
	Ordinal0 [0x0095A898+2009240]
	Ordinal0 [0x0095A985+2009477]
	Ordinal0 [0x00963AD1+2046673]
	BaseThreadInitThunk [0x763DFA29+25]
	RtlGetAppContainerNamedObjectPath [0x77E07A9E+286]
	RtlGetAppContainerNamedObjectPath [0x77E07A6E+238]

2022-06-27 21:35:30,961 - root - ERROR - Failed to find element
Traceback (most recent call last):
  File "C:\Users\T.Ntandika\PycharmProjects\VisaBooking\pages\base_element.py", line 19, in find
    element = WebDriverWait(self.driver, 1).until(
  File "C:\Users\T.Ntandika\PycharmProjects\VisaBooking\env\lib\site-packages\selenium\webdriver\support\wait.py", line 87, in until
    raise TimeoutException(message, screen, stacktrace)
selenium.common.exceptions.TimeoutException: Message: 
Stacktrace:
Backtrace:
	Ordinal0 [0x009BD953+2414931]
	Ordinal0 [0x0094F5E1+1963489]
	Ordinal0 [0x0083C6B8+837304]
	Ordinal0 [0x00869500+1021184]
	Ordinal0 [0x0086979B+1021851]
	Ordinal0 [0x00896502+1205506]
	Ordinal0 [0x008844E4+1131748]
	Ordinal0 [0x00894812+1198098]
	Ordinal0 [0x008842B6+1131190]
	Ordinal0 [0x0085E860+976992]
	Ordinal0 [0x0085F756+980822]
	GetHandleVerifier [0x00C2CC62+2510274]
	GetHandleVerifier [0x00C1F760+2455744]
	GetHandleVerifier [0x00A4EABA+551962]
	GetHandleVerifier [0x00A4D916+547446]
	Ordinal0 [0x00955F3B+1990459]
	Ordinal0 [0x0095A898+2009240]
	Ordinal0 [0x0095A985+2009477]
	Ordinal0 [0x00963AD1+2046673]
	BaseThreadInitThunk [0x763DFA29+25]
	RtlGetAppContainerNamedObjectPath [0x77E07A9E+286]
	RtlGetAppContainerNamedObjectPath [0x77E07A6E+238]

2022-06-27 21:35:32,172 - root - ERROR - Failed to find element
Traceback (most recent call last):
  File "C:\Users\T.Ntandika\PycharmProjects\VisaBooking\pages\base_element.py", line 19, in find
    element = WebDriverWait(self.driver, 1).until(
  File "C:\Users\T.Ntandika\PycharmProjects\VisaBooking\env\lib\site-packages\selenium\webdriver\support\wait.py", line 87, in until
    raise TimeoutException(message, screen, stacktrace)
selenium.common.exceptions.TimeoutException: Message: 
Stacktrace:
Backtrace:
	Ordinal0 [0x009BD953+2414931]
	Ordinal0 [0x0094F5E1+1963489]
	Ordinal0 [0x0083C6B8+837304]
	Ordinal0 [0x00869500+1021184]
	Ordinal0 [0x0086979B+1021851]
	Ordinal0 [0x00896502+1205506]
	Ordinal0 [0x008844E4+1131748]
	Ordinal0 [0x00894812+1198098]
	Ordinal0 [0x008842B6+1131190]
	Ordinal0 [0x0085E860+976992]
	Ordinal0 [0x0085F756+980822]
	GetHandleVerifier [0x00C2CC62+2510274]
	GetHandleVerifier [0x00C1F760+2455744]
	GetHandleVerifier [0x00A4EABA+551962]
	GetHandleVerifier [0x00A4D916+547446]
	Ordinal0 [0x00955F3B+1990459]
	Ordinal0 [0x0095A898+2009240]
	Ordinal0 [0x0095A985+2009477]
	Ordinal0 [0x00963AD1+2046673]
	BaseThreadInitThunk [0x763DFA29+25]
	RtlGetAppContainerNamedObjectPath [0x77E07A9E+286]
	RtlGetAppContainerNamedObjectPath [0x77E07A6E+238]

2022-06-27 21:35:33,380 - root - ERROR - Failed to find element
Traceback (most recent call last):
  File "C:\Users\T.Ntandika\PycharmProjects\VisaBooking\pages\base_element.py", line 19, in find
    element = WebDriverWait(self.driver, 1).until(
  File "C:\Users\T.Ntandika\PycharmProjects\VisaBooking\env\lib\site-packages\selenium\webdriver\support\wait.py", line 87, in until
    raise TimeoutException(message, screen, stacktrace)
selenium.common.exceptions.TimeoutException: Message: 
Stacktrace:
Backtrace:
	Ordinal0 [0x009BD953+2414931]
	Ordinal0 [0x0094F5E1+1963489]
	Ordinal0 [0x0083C6B8+837304]
	Ordinal0 [0x00869500+1021184]
	Ordinal0 [0x0086979B+1021851]
	Ordinal0 [0x00896502+1205506]
	Ordinal0 [0x008844E4+1131748]
	Ordinal0 [0x00894812+1198098]
	Ordinal0 [0x008842B6+1131190]
	Ordinal0 [0x0085E860+976992]
	Ordinal0 [0x0085F756+980822]
	GetHandleVerifier [0x00C2CC62+2510274]
	GetHandleVerifier [0x00C1F760+2455744]
	GetHandleVerifier [0x00A4EABA+551962]
	GetHandleVerifier [0x00A4D916+547446]
	Ordinal0 [0x00955F3B+1990459]
	Ordinal0 [0x0095A898+2009240]
	Ordinal0 [0x0095A985+2009477]
	Ordinal0 [0x00963AD1+2046673]
	BaseThreadInitThunk [0x763DFA29+25]
	RtlGetAppContainerNamedObjectPath [0x77E07A9E+286]
	RtlGetAppContainerNamedObjectPath [0x77E07A6E+238]

2022-06-27 21:35:34,594 - root - ERROR - Failed to find element
Traceback (most recent call last):
  File "C:\Users\T.Ntandika\PycharmProjects\VisaBooking\pages\base_element.py", line 19, in find
    element = WebDriverWait(self.driver, 1).until(
  File "C:\Users\T.Ntandika\PycharmProjects\VisaBooking\env\lib\site-packages\selenium\webdriver\support\wait.py", line 87, in until
    raise TimeoutException(message, screen, stacktrace)
selenium.common.exceptions.TimeoutException: Message: 
Stacktrace:
Backtrace:
	Ordinal0 [0x009BD953+2414931]
	Ordinal0 [0x0094F5E1+1963489]
	Ordinal0 [0x0083C6B8+837304]
	Ordinal0 [0x00869500+1021184]
	Ordinal0 [0x0086979B+1021851]
	Ordinal0 [0x00896502+1205506]
	Ordinal0 [0x008844E4+1131748]
	Ordinal0 [0x00894812+1198098]
	Ordinal0 [0x008842B6+1131190]
	Ordinal0 [0x0085E860+976992]
	Ordinal0 [0x0085F756+980822]
	GetHandleVerifier [0x00C2CC62+2510274]
	GetHandleVerifier [0x00C1F760+2455744]
	GetHandleVerifier [0x00A4EABA+551962]
	GetHandleVerifier [0x00A4D916+547446]
	Ordinal0 [0x00955F3B+1990459]
	Ordinal0 [0x0095A898+2009240]
	Ordinal0 [0x0095A985+2009477]
	Ordinal0 [0x00963AD1+2046673]
	BaseThreadInitThunk [0x763DFA29+25]
	RtlGetAppContainerNamedObjectPath [0x77E07A9E+286]
	RtlGetAppContainerNamedObjectPath [0x77E07A6E+238]

2022-06-27 21:35:35,811 - root - ERROR - Failed to find element
Traceback (most recent call last):
  File "C:\Users\T.Ntandika\PycharmProjects\VisaBooking\pages\base_element.py", line 19, in find
    element = WebDriverWait(self.driver, 1).until(
  File "C:\Users\T.Ntandika\PycharmProjects\VisaBooking\env\lib\site-packages\selenium\webdriver\support\wait.py", line 87, in until
    raise TimeoutException(message, screen, stacktrace)
selenium.common.exceptions.TimeoutException: Message: 
Stacktrace:
Backtrace:
	Ordinal0 [0x009BD953+2414931]
	Ordinal0 [0x0094F5E1+1963489]
	Ordinal0 [0x0083C6B8+837304]
	Ordinal0 [0x00869500+1021184]
	Ordinal0 [0x0086979B+1021851]
	Ordinal0 [0x00896502+1205506]
	Ordinal0 [0x008844E4+1131748]
	Ordinal0 [0x00894812+1198098]
	Ordinal0 [0x008842B6+1131190]
	Ordinal0 [0x0085E860+976992]
	Ordinal0 [0x0085F756+980822]
	GetHandleVerifier [0x00C2CC62+2510274]
	GetHandleVerifier [0x00C1F760+2455744]
	GetHandleVerifier [0x00A4EABA+551962]
	GetHandleVerifier [0x00A4D916+547446]
	Ordinal0 [0x00955F3B+1990459]
	Ordinal0 [0x0095A898+2009240]
	Ordinal0 [0x0095A985+2009477]
	Ordinal0 [0x00963AD1+2046673]
	BaseThreadInitThunk [0x763DFA29+25]
	RtlGetAppContainerNamedObjectPath [0x77E07A9E+286]
	RtlGetAppContainerNamedObjectPath [0x77E07A6E+238]

2022-06-27 21:35:37,028 - root - ERROR - Failed to find element
Traceback (most recent call last):
  File "C:\Users\T.Ntandika\PycharmProjects\VisaBooking\pages\base_element.py", line 19, in find
    element = WebDriverWait(self.driver, 1).until(
  File "C:\Users\T.Ntandika\PycharmProjects\VisaBooking\env\lib\site-packages\selenium\webdriver\support\wait.py", line 87, in until
    raise TimeoutException(message, screen, stacktrace)
selenium.common.exceptions.TimeoutException: Message: 
Stacktrace:
Backtrace:
	Ordinal0 [0x009BD953+2414931]
	Ordinal0 [0x0094F5E1+1963489]
	Ordinal0 [0x0083C6B8+837304]
	Ordinal0 [0x00869500+1021184]
	Ordinal0 [0x0086979B+1021851]
	Ordinal0 [0x00896502+1205506]
	Ordinal0 [0x008844E4+1131748]
	Ordinal0 [0x00894812+1198098]
	Ordinal0 [0x008842B6+1131190]
	Ordinal0 [0x0085E860+976992]
	Ordinal0 [0x0085F756+980822]
	GetHandleVerifier [0x00C2CC62+2510274]
	GetHandleVerifier [0x00C1F760+2455744]
	GetHandleVerifier [0x00A4EABA+551962]
	GetHandleVerifier [0x00A4D916+547446]
	Ordinal0 [0x00955F3B+1990459]
	Ordinal0 [0x0095A898+2009240]
	Ordinal0 [0x0095A985+2009477]
	Ordinal0 [0x00963AD1+2046673]
	BaseThreadInitThunk [0x763DFA29+25]
	RtlGetAppContainerNamedObjectPath [0x77E07A9E+286]
	RtlGetAppContainerNamedObjectPath [0x77E07A6E+238]

2022-06-27 21:35:38,271 - root - ERROR - Failed to find element
Traceback (most recent call last):
  File "C:\Users\T.Ntandika\PycharmProjects\VisaBooking\pages\base_element.py", line 19, in find
    element = WebDriverWait(self.driver, 1).until(
  File "C:\Users\T.Ntandika\PycharmProjects\VisaBooking\env\lib\site-packages\selenium\webdriver\support\wait.py", line 87, in until
    raise TimeoutException(message, screen, stacktrace)
selenium.common.exceptions.TimeoutException: Message: 
Stacktrace:
Backtrace:
	Ordinal0 [0x009BD953+2414931]
	Ordinal0 [0x0094F5E1+1963489]
	Ordinal0 [0x0083C6B8+837304]
	Ordinal0 [0x00869500+1021184]
	Ordinal0 [0x0086979B+1021851]
	Ordinal0 [0x00896502+1205506]
	Ordinal0 [0x008844E4+1131748]
	Ordinal0 [0x00894812+1198098]
	Ordinal0 [0x008842B6+1131190]
	Ordinal0 [0x0085E860+976992]
	Ordinal0 [0x0085F756+980822]
	GetHandleVerifier [0x00C2CC62+2510274]
	GetHandleVerifier [0x00C1F760+2455744]
	GetHandleVerifier [0x00A4EABA+551962]
	GetHandleVerifier [0x00A4D916+547446]
	Ordinal0 [0x00955F3B+1990459]
	Ordinal0 [0x0095A898+2009240]
	Ordinal0 [0x0095A985+2009477]
	Ordinal0 [0x00963AD1+2046673]
	BaseThreadInitThunk [0x763DFA29+25]
	RtlGetAppContainerNamedObjectPath [0x77E07A9E+286]
	RtlGetAppContainerNamedObjectPath [0x77E07A6E+238]

2022-06-27 21:35:39,517 - root - ERROR - Failed to find element
Traceback (most recent call last):
  File "C:\Users\T.Ntandika\PycharmProjects\VisaBooking\pages\base_element.py", line 19, in find
    element = WebDriverWait(self.driver, 1).until(
  File "C:\Users\T.Ntandika\PycharmProjects\VisaBooking\env\lib\site-packages\selenium\webdriver\support\wait.py", line 87, in until
    raise TimeoutException(message, screen, stacktrace)
selenium.common.exceptions.TimeoutException: Message: 
Stacktrace:
Backtrace:
	Ordinal0 [0x009BD953+2414931]
	Ordinal0 [0x0094F5E1+1963489]
	Ordinal0 [0x0083C6B8+837304]
	Ordinal0 [0x00869500+1021184]
	Ordinal0 [0x0086979B+1021851]
	Ordinal0 [0x00896502+1205506]
	Ordinal0 [0x008844E4+1131748]
	Ordinal0 [0x00894812+1198098]
	Ordinal0 [0x008842B6+1131190]
	Ordinal0 [0x0085E860+976992]
	Ordinal0 [0x0085F756+980822]
	GetHandleVerifier [0x00C2CC62+2510274]
	GetHandleVerifier [0x00C1F760+2455744]
	GetHandleVerifier [0x00A4EABA+551962]
	GetHandleVerifier [0x00A4D916+547446]
	Ordinal0 [0x00955F3B+1990459]
	Ordinal0 [0x0095A898+2009240]
	Ordinal0 [0x0095A985+2009477]
	Ordinal0 [0x00963AD1+2046673]
	BaseThreadInitThunk [0x763DFA29+25]
	RtlGetAppContainerNamedObjectPath [0x77E07A9E+286]
	RtlGetAppContainerNamedObjectPath [0x77E07A6E+238]

2022-06-27 21:35:40,719 - root - ERROR - Failed to find element
Traceback (most recent call last):
  File "C:\Users\T.Ntandika\PycharmProjects\VisaBooking\pages\base_element.py", line 19, in find
    element = WebDriverWait(self.driver, 1).until(
  File "C:\Users\T.Ntandika\PycharmProjects\VisaBooking\env\lib\site-packages\selenium\webdriver\support\wait.py", line 87, in until
    raise TimeoutException(message, screen, stacktrace)
selenium.common.exceptions.TimeoutException: Message: 
Stacktrace:
Backtrace:
	Ordinal0 [0x009BD953+2414931]
	Ordinal0 [0x0094F5E1+1963489]
	Ordinal0 [0x0083C6B8+837304]
	Ordinal0 [0x00869500+1021184]
	Ordinal0 [0x0086979B+1021851]
	Ordinal0 [0x00896502+1205506]
	Ordinal0 [0x008844E4+1131748]
	Ordinal0 [0x00894812+1198098]
	Ordinal0 [0x008842B6+1131190]
	Ordinal0 [0x0085E860+976992]
	Ordinal0 [0x0085F756+980822]
	GetHandleVerifier [0x00C2CC62+2510274]
	GetHandleVerifier [0x00C1F760+2455744]
	GetHandleVerifier [0x00A4EABA+551962]
	GetHandleVerifier [0x00A4D916+547446]
	Ordinal0 [0x00955F3B+1990459]
	Ordinal0 [0x0095A898+2009240]
	Ordinal0 [0x0095A985+2009477]
	Ordinal0 [0x00963AD1+2046673]
	BaseThreadInitThunk [0x763DFA29+25]
	RtlGetAppContainerNamedObjectPath [0x77E07A9E+286]
	RtlGetAppContainerNamedObjectPath [0x77E07A6E+238]

2022-06-27 21:35:54,370 - root - ERROR - Failed to find element
Traceback (most recent call last):
  File "C:\Users\T.Ntandika\PycharmProjects\VisaBooking\pages\base_element.py", line 19, in find
    element = WebDriverWait(self.driver, 1).until(
  File "C:\Users\T.Ntandika\PycharmProjects\VisaBooking\env\lib\site-packages\selenium\webdriver\support\wait.py", line 78, in until
    value = method(self._driver)
  File "C:\Users\T.Ntandika\PycharmProjects\VisaBooking\env\lib\site-packages\selenium\webdriver\support\expected_conditions.py", line 125, in _predicate
    return _element_if_visible(driver.find_element(*locator))
  File "C:\Users\T.Ntandika\PycharmProjects\VisaBooking\env\lib\site-packages\selenium\webdriver\remote\webdriver.py", line 1251, in find_element
    return self.execute(Command.FIND_ELEMENT, {
  File "C:\Users\T.Ntandika\PycharmProjects\VisaBooking\env\lib\site-packages\selenium\webdriver\remote\webdriver.py", line 430, in execute
    self.error_handler.check_response(response)
  File "C:\Users\T.Ntandika\PycharmProjects\VisaBooking\env\lib\site-packages\selenium\webdriver\remote\errorhandler.py", line 247, in check_response
    raise exception_class(message, screen, stacktrace)
selenium.common.exceptions.WebDriverException: Message: chrome not reachable
  (Session info: chrome=102.0.5005.115)
Stacktrace:
Backtrace:
	Ordinal0 [0x009BD953+2414931]
	Ordinal0 [0x0094F5E1+1963489]
	Ordinal0 [0x0083C580+836992]
	Ordinal0 [0x008301E2+786914]
	Ordinal0 [0x00830A18+789016]
	Ordinal0 [0x008322F2+795378]
	Ordinal0 [0x0082BCA9+769193]
	Ordinal0 [0x0083DA30+842288]
	Ordinal0 [0x00893FF2+1196018]
	Ordinal0 [0x008842B6+1131190]
	Ordinal0 [0x0085E860+976992]
	Ordinal0 [0x0085F756+980822]
	GetHandleVerifier [0x00C2CC62+2510274]
	GetHandleVerifier [0x00C1F760+2455744]
	GetHandleVerifier [0x00A4EABA+551962]
	GetHandleVerifier [0x00A4D916+547446]
	Ordinal0 [0x00955F3B+1990459]
	Ordinal0 [0x0095A898+2009240]
	Ordinal0 [0x0095A985+2009477]
	Ordinal0 [0x00963AD1+2046673]
	BaseThreadInitThunk [0x763DFA29+25]
	RtlGetAppContainerNamedObjectPath [0x77E07A9E+286]
	RtlGetAppContainerNamedObjectPath [0x77E07A6E+238]

